<?xml version="1.0" encoding="UTF-8"?>
<!-- Generated by org.testng.reporters.JUnitReportReporter -->
<testsuite hostname="Admin" failures="0" tests="1" name="Sample.Working_With_Extent_Report" time="21.726" errors="0" timestamp="2022-11-24T14:41:14 IST" skipped="0">
  <testcase classname="Sample.Working_With_Extent_Report" name="ReportDemo" time="21.726"/>
  <system-out/>
</testsuite> <!-- Sample.Working_With_Extent_Report -->
